<!-- src/test/resources/test-header.xml -->
<root>
    <ix:header xmlns:ix="http://www.xbrl.org/2013/inlineXBRL">
        <ix:hidden>
            <ix:nonNumeric name="jpdei_cor:EDINETCodeDEI">E12345</ix:nonNumeric>
        </ix:hidden>
        <xbrli:unit xmlns:xbrli="http://www.xbrl.org/2003/instance" id="JPY">
            <xbrli:measure>iso4217:JPY</xbrli:measure>
        </xbrli:unit>
    </ix:header>
</root>